::1 - - [Wed, 05 Jul 2017 02:55:17 GMT] "GET / HTTP/1.1" 200 2683 "-" "Mozilla/5.0 (Macintosh; Intel Mac OS X 10_11_2) AppleWebKit/537.36 (KHTML, like Gecko) Chrome/58.0.3029.110 Safari/537.36"
::1 - - [Wed, 05 Jul 2017 02:55:17 GMT] "GET /stylesheets/style.css HTTP/1.1" 200 2157 "http://localhost:3000/" "Mozilla/5.0 (Macintosh; Intel Mac OS X 10_11_2) AppleWebKit/537.36 (KHTML, like Gecko) Chrome/58.0.3029.110 Safari/537.36"
::1 - - [Wed, 05 Jul 2017 02:55:17 GMT] "GET /favicon.ico HTTP/1.1" 200 258 "http://localhost:3000/" "Mozilla/5.0 (Macintosh; Intel Mac OS X 10_11_2) AppleWebKit/537.36 (KHTML, like Gecko) Chrome/58.0.3029.110 Safari/537.36"
::1 - - [Wed, 05 Jul 2017 02:55:19 GMT] "GET / HTTP/1.1" 304 - "http://localhost:3000/" "Mozilla/5.0 (Macintosh; Intel Mac OS X 10_11_2) AppleWebKit/537.36 (KHTML, like Gecko) Chrome/58.0.3029.110 Safari/537.36"
::1 - - [Wed, 05 Jul 2017 02:55:20 GMT] "GET /stylesheets/style.css HTTP/1.1" 304 - "http://localhost:3000/" "Mozilla/5.0 (Macintosh; Intel Mac OS X 10_11_2) AppleWebKit/537.36 (KHTML, like Gecko) Chrome/58.0.3029.110 Safari/537.36"
::1 - - [Wed, 05 Jul 2017 02:55:20 GMT] "GET /favicon.ico HTTP/1.1" 304 - "http://localhost:3000/" "Mozilla/5.0 (Macintosh; Intel Mac OS X 10_11_2) AppleWebKit/537.36 (KHTML, like Gecko) Chrome/58.0.3029.110 Safari/537.36"
::1 - - [Wed, 05 Jul 2017 02:55:20 GMT] "GET /archive HTTP/1.1" 200 1798 "http://localhost:3000/" "Mozilla/5.0 (Macintosh; Intel Mac OS X 10_11_2) AppleWebKit/537.36 (KHTML, like Gecko) Chrome/58.0.3029.110 Safari/537.36"
::1 - - [Wed, 05 Jul 2017 02:55:20 GMT] "GET /stylesheets/style.css HTTP/1.1" 304 - "http://localhost:3000/archive" "Mozilla/5.0 (Macintosh; Intel Mac OS X 10_11_2) AppleWebKit/537.36 (KHTML, like Gecko) Chrome/58.0.3029.110 Safari/537.36"
::1 - - [Wed, 05 Jul 2017 02:55:20 GMT] "GET /favicon.ico HTTP/1.1" 304 - "http://localhost:3000/archive" "Mozilla/5.0 (Macintosh; Intel Mac OS X 10_11_2) AppleWebKit/537.36 (KHTML, like Gecko) Chrome/58.0.3029.110 Safari/537.36"
::1 - - [Wed, 05 Jul 2017 02:55:21 GMT] "GET /tags HTTP/1.1" 200 1625 "http://localhost:3000/archive" "Mozilla/5.0 (Macintosh; Intel Mac OS X 10_11_2) AppleWebKit/537.36 (KHTML, like Gecko) Chrome/58.0.3029.110 Safari/537.36"
::1 - - [Wed, 05 Jul 2017 02:55:21 GMT] "GET /stylesheets/style.css HTTP/1.1" 304 - "http://localhost:3000/tags" "Mozilla/5.0 (Macintosh; Intel Mac OS X 10_11_2) AppleWebKit/537.36 (KHTML, like Gecko) Chrome/58.0.3029.110 Safari/537.36"
::1 - - [Wed, 05 Jul 2017 02:55:21 GMT] "GET /favicon.ico HTTP/1.1" 304 - "http://localhost:3000/tags" "Mozilla/5.0 (Macintosh; Intel Mac OS X 10_11_2) AppleWebKit/537.36 (KHTML, like Gecko) Chrome/58.0.3029.110 Safari/537.36"
::1 - - [Wed, 05 Jul 2017 02:55:22 GMT] "GET /links HTTP/1.1" 200 1681 "http://localhost:3000/tags" "Mozilla/5.0 (Macintosh; Intel Mac OS X 10_11_2) AppleWebKit/537.36 (KHTML, like Gecko) Chrome/58.0.3029.110 Safari/537.36"
::1 - - [Wed, 05 Jul 2017 02:55:22 GMT] "GET /stylesheets/style.css HTTP/1.1" 304 - "http://localhost:3000/links" "Mozilla/5.0 (Macintosh; Intel Mac OS X 10_11_2) AppleWebKit/537.36 (KHTML, like Gecko) Chrome/58.0.3029.110 Safari/537.36"
::1 - - [Wed, 05 Jul 2017 02:55:22 GMT] "GET /favicon.ico HTTP/1.1" 304 - "http://localhost:3000/links" "Mozilla/5.0 (Macintosh; Intel Mac OS X 10_11_2) AppleWebKit/537.36 (KHTML, like Gecko) Chrome/58.0.3029.110 Safari/537.36"
::1 - - [Wed, 05 Jul 2017 02:55:22 GMT] "GET /login HTTP/1.1" 500 2773 "http://localhost:3000/links" "Mozilla/5.0 (Macintosh; Intel Mac OS X 10_11_2) AppleWebKit/537.36 (KHTML, like Gecko) Chrome/58.0.3029.110 Safari/537.36"
::1 - - [Wed, 05 Jul 2017 02:55:22 GMT] "GET /favicon.ico HTTP/1.1" 304 - "http://localhost:3000/login" "Mozilla/5.0 (Macintosh; Intel Mac OS X 10_11_2) AppleWebKit/537.36 (KHTML, like Gecko) Chrome/58.0.3029.110 Safari/537.36"
::1 - - [Wed, 05 Jul 2017 02:55:25 GMT] "GET /favicon.ico HTTP/1.1" 304 - "http://localhost:3000/links" "Mozilla/5.0 (Macintosh; Intel Mac OS X 10_11_2) AppleWebKit/537.36 (KHTML, like Gecko) Chrome/58.0.3029.110 Safari/537.36"
::1 - - [Wed, 05 Jul 2017 02:55:27 GMT] "GET /login HTTP/1.1" 500 2773 "http://localhost:3000/links" "Mozilla/5.0 (Macintosh; Intel Mac OS X 10_11_2) AppleWebKit/537.36 (KHTML, like Gecko) Chrome/58.0.3029.110 Safari/537.36"
::1 - - [Wed, 05 Jul 2017 02:55:27 GMT] "GET /favicon.ico HTTP/1.1" 304 - "http://localhost:3000/login" "Mozilla/5.0 (Macintosh; Intel Mac OS X 10_11_2) AppleWebKit/537.36 (KHTML, like Gecko) Chrome/58.0.3029.110 Safari/537.36"
::1 - - [Wed, 05 Jul 2017 02:55:38 GMT] "GET /favicon.ico HTTP/1.1" 304 - "http://localhost:3000/links" "Mozilla/5.0 (Macintosh; Intel Mac OS X 10_11_2) AppleWebKit/537.36 (KHTML, like Gecko) Chrome/58.0.3029.110 Safari/537.36"
::1 - - [Wed, 05 Jul 2017 02:55:39 GMT] "GET /register HTTP/1.1" 200 1485 "http://localhost:3000/links" "Mozilla/5.0 (Macintosh; Intel Mac OS X 10_11_2) AppleWebKit/537.36 (KHTML, like Gecko) Chrome/58.0.3029.110 Safari/537.36"
::1 - - [Wed, 05 Jul 2017 02:55:39 GMT] "GET /stylesheets/style.css HTTP/1.1" 304 - "http://localhost:3000/register" "Mozilla/5.0 (Macintosh; Intel Mac OS X 10_11_2) AppleWebKit/537.36 (KHTML, like Gecko) Chrome/58.0.3029.110 Safari/537.36"
::1 - - [Wed, 05 Jul 2017 02:55:39 GMT] "GET /favicon.ico HTTP/1.1" 304 - "http://localhost:3000/register" "Mozilla/5.0 (Macintosh; Intel Mac OS X 10_11_2) AppleWebKit/537.36 (KHTML, like Gecko) Chrome/58.0.3029.110 Safari/537.36"
::1 - - [Wed, 05 Jul 2017 02:55:41 GMT] "GET /favicon.ico HTTP/1.1" 304 - "http://localhost:3000/links" "Mozilla/5.0 (Macintosh; Intel Mac OS X 10_11_2) AppleWebKit/537.36 (KHTML, like Gecko) Chrome/58.0.3029.110 Safari/537.36"
::1 - - [Wed, 05 Jul 2017 02:55:42 GMT] "GET /login HTTP/1.1" 500 2773 "http://localhost:3000/links" "Mozilla/5.0 (Macintosh; Intel Mac OS X 10_11_2) AppleWebKit/537.36 (KHTML, like Gecko) Chrome/58.0.3029.110 Safari/537.36"
::1 - - [Wed, 05 Jul 2017 02:55:42 GMT] "GET /favicon.ico HTTP/1.1" 304 - "http://localhost:3000/login" "Mozilla/5.0 (Macintosh; Intel Mac OS X 10_11_2) AppleWebKit/537.36 (KHTML, like Gecko) Chrome/58.0.3029.110 Safari/537.36"
::1 - - [Wed, 05 Jul 2017 02:55:57 GMT] "GET /favicon.ico HTTP/1.1" 304 - "http://localhost:3000/links" "Mozilla/5.0 (Macintosh; Intel Mac OS X 10_11_2) AppleWebKit/537.36 (KHTML, like Gecko) Chrome/58.0.3029.110 Safari/537.36"
::1 - - [Wed, 05 Jul 2017 02:55:58 GMT] "GET / HTTP/1.1" 304 - "http://localhost:3000/links" "Mozilla/5.0 (Macintosh; Intel Mac OS X 10_11_2) AppleWebKit/537.36 (KHTML, like Gecko) Chrome/58.0.3029.110 Safari/537.36"
::1 - - [Wed, 05 Jul 2017 02:55:58 GMT] "GET /stylesheets/style.css HTTP/1.1" 304 - "http://localhost:3000/" "Mozilla/5.0 (Macintosh; Intel Mac OS X 10_11_2) AppleWebKit/537.36 (KHTML, like Gecko) Chrome/58.0.3029.110 Safari/537.36"
::1 - - [Wed, 05 Jul 2017 02:55:58 GMT] "GET /favicon.ico HTTP/1.1" 304 - "http://localhost:3000/" "Mozilla/5.0 (Macintosh; Intel Mac OS X 10_11_2) AppleWebKit/537.36 (KHTML, like Gecko) Chrome/58.0.3029.110 Safari/537.36"
::1 - - [Wed, 05 Jul 2017 02:55:59 GMT] "GET /u/garyng/2017-3-28/heyhey HTTP/1.1" 200 2483 "http://localhost:3000/" "Mozilla/5.0 (Macintosh; Intel Mac OS X 10_11_2) AppleWebKit/537.36 (KHTML, like Gecko) Chrome/58.0.3029.110 Safari/537.36"
::1 - - [Wed, 05 Jul 2017 02:55:59 GMT] "GET /stylesheets/style.css HTTP/1.1" 304 - "http://localhost:3000/u/garyng/2017-3-28/heyhey" "Mozilla/5.0 (Macintosh; Intel Mac OS X 10_11_2) AppleWebKit/537.36 (KHTML, like Gecko) Chrome/58.0.3029.110 Safari/537.36"
::1 - - [Wed, 05 Jul 2017 02:55:59 GMT] "GET /favicon.ico HTTP/1.1" 304 - "http://localhost:3000/u/garyng/2017-3-28/heyhey" "Mozilla/5.0 (Macintosh; Intel Mac OS X 10_11_2) AppleWebKit/537.36 (KHTML, like Gecko) Chrome/58.0.3029.110 Safari/537.36"
::1 - - [Wed, 05 Jul 2017 02:56:03 GMT] "GET / HTTP/1.1" 304 - "http://localhost:3000/u/garyng/2017-3-28/heyhey" "Mozilla/5.0 (Macintosh; Intel Mac OS X 10_11_2) AppleWebKit/537.36 (KHTML, like Gecko) Chrome/58.0.3029.110 Safari/537.36"
::1 - - [Wed, 05 Jul 2017 02:56:03 GMT] "GET /stylesheets/style.css HTTP/1.1" 304 - "http://localhost:3000/" "Mozilla/5.0 (Macintosh; Intel Mac OS X 10_11_2) AppleWebKit/537.36 (KHTML, like Gecko) Chrome/58.0.3029.110 Safari/537.36"
::1 - - [Wed, 05 Jul 2017 02:56:03 GMT] "GET /favicon.ico HTTP/1.1" 304 - "http://localhost:3000/" "Mozilla/5.0 (Macintosh; Intel Mac OS X 10_11_2) AppleWebKit/537.36 (KHTML, like Gecko) Chrome/58.0.3029.110 Safari/537.36"
::1 - - [Wed, 05 Jul 2017 02:56:04 GMT] "GET /u/garyng/2017-3-28/hello HTTP/1.1" 200 2247 "http://localhost:3000/" "Mozilla/5.0 (Macintosh; Intel Mac OS X 10_11_2) AppleWebKit/537.36 (KHTML, like Gecko) Chrome/58.0.3029.110 Safari/537.36"
::1 - - [Wed, 05 Jul 2017 02:56:04 GMT] "GET /stylesheets/style.css HTTP/1.1" 304 - "http://localhost:3000/u/garyng/2017-3-28/hello" "Mozilla/5.0 (Macintosh; Intel Mac OS X 10_11_2) AppleWebKit/537.36 (KHTML, like Gecko) Chrome/58.0.3029.110 Safari/537.36"
::1 - - [Wed, 05 Jul 2017 02:56:05 GMT] "GET /favicon.ico HTTP/1.1" 304 - "http://localhost:3000/u/garyng/2017-3-28/hello" "Mozilla/5.0 (Macintosh; Intel Mac OS X 10_11_2) AppleWebKit/537.36 (KHTML, like Gecko) Chrome/58.0.3029.110 Safari/537.36"
::1 - - [Wed, 05 Jul 2017 02:56:06 GMT] "GET / HTTP/1.1" 304 - "http://localhost:3000/u/garyng/2017-3-28/hello" "Mozilla/5.0 (Macintosh; Intel Mac OS X 10_11_2) AppleWebKit/537.36 (KHTML, like Gecko) Chrome/58.0.3029.110 Safari/537.36"
::1 - - [Wed, 05 Jul 2017 02:56:06 GMT] "GET /stylesheets/style.css HTTP/1.1" 304 - "http://localhost:3000/" "Mozilla/5.0 (Macintosh; Intel Mac OS X 10_11_2) AppleWebKit/537.36 (KHTML, like Gecko) Chrome/58.0.3029.110 Safari/537.36"
::1 - - [Wed, 05 Jul 2017 02:56:06 GMT] "GET /favicon.ico HTTP/1.1" 304 - "http://localhost:3000/" "Mozilla/5.0 (Macintosh; Intel Mac OS X 10_11_2) AppleWebKit/537.36 (KHTML, like Gecko) Chrome/58.0.3029.110 Safari/537.36"
::1 - - [Wed, 05 Jul 2017 02:56:07 GMT] "GET /u/garyng/2017-3-27/%E8%88%AA%E6%B5%B7%E7%8E%8B HTTP/1.1" 200 2220 "http://localhost:3000/" "Mozilla/5.0 (Macintosh; Intel Mac OS X 10_11_2) AppleWebKit/537.36 (KHTML, like Gecko) Chrome/58.0.3029.110 Safari/537.36"
::1 - - [Wed, 05 Jul 2017 02:56:07 GMT] "GET /stylesheets/style.css HTTP/1.1" 304 - "http://localhost:3000/u/garyng/2017-3-27/%E8%88%AA%E6%B5%B7%E7%8E%8B" "Mozilla/5.0 (Macintosh; Intel Mac OS X 10_11_2) AppleWebKit/537.36 (KHTML, like Gecko) Chrome/58.0.3029.110 Safari/537.36"
::1 - - [Wed, 05 Jul 2017 02:56:07 GMT] "GET /favicon.ico HTTP/1.1" 304 - "http://localhost:3000/u/garyng/2017-3-27/%E8%88%AA%E6%B5%B7%E7%8E%8B" "Mozilla/5.0 (Macintosh; Intel Mac OS X 10_11_2) AppleWebKit/537.36 (KHTML, like Gecko) Chrome/58.0.3029.110 Safari/537.36"
::1 - - [Wed, 05 Jul 2017 02:56:09 GMT] "GET /u/garyng HTTP/1.1" 200 3298 "http://localhost:3000/u/garyng/2017-3-27/%E8%88%AA%E6%B5%B7%E7%8E%8B" "Mozilla/5.0 (Macintosh; Intel Mac OS X 10_11_2) AppleWebKit/537.36 (KHTML, like Gecko) Chrome/58.0.3029.110 Safari/537.36"
::1 - - [Wed, 05 Jul 2017 02:56:09 GMT] "GET /stylesheets/style.css HTTP/1.1" 304 - "http://localhost:3000/u/garyng" "Mozilla/5.0 (Macintosh; Intel Mac OS X 10_11_2) AppleWebKit/537.36 (KHTML, like Gecko) Chrome/58.0.3029.110 Safari/537.36"
::1 - - [Wed, 05 Jul 2017 02:56:09 GMT] "GET /favicon.ico HTTP/1.1" 304 - "http://localhost:3000/u/garyng" "Mozilla/5.0 (Macintosh; Intel Mac OS X 10_11_2) AppleWebKit/537.36 (KHTML, like Gecko) Chrome/58.0.3029.110 Safari/537.36"
::1 - - [Wed, 05 Jul 2017 02:56:11 GMT] "GET / HTTP/1.1" 304 - "http://localhost:3000/u/garyng" "Mozilla/5.0 (Macintosh; Intel Mac OS X 10_11_2) AppleWebKit/537.36 (KHTML, like Gecko) Chrome/58.0.3029.110 Safari/537.36"
::1 - - [Wed, 05 Jul 2017 02:56:11 GMT] "GET /stylesheets/style.css HTTP/1.1" 304 - "http://localhost:3000/" "Mozilla/5.0 (Macintosh; Intel Mac OS X 10_11_2) AppleWebKit/537.36 (KHTML, like Gecko) Chrome/58.0.3029.110 Safari/537.36"
::1 - - [Wed, 05 Jul 2017 02:56:11 GMT] "GET /favicon.ico HTTP/1.1" 304 - "http://localhost:3000/" "Mozilla/5.0 (Macintosh; Intel Mac OS X 10_11_2) AppleWebKit/537.36 (KHTML, like Gecko) Chrome/58.0.3029.110 Safari/537.36"
::1 - - [Wed, 05 Jul 2017 02:56:12 GMT] "GET /u/garyng/2017-3-28/heyhey HTTP/1.1" 304 - "http://localhost:3000/" "Mozilla/5.0 (Macintosh; Intel Mac OS X 10_11_2) AppleWebKit/537.36 (KHTML, like Gecko) Chrome/58.0.3029.110 Safari/537.36"
::1 - - [Wed, 05 Jul 2017 02:56:12 GMT] "GET /stylesheets/style.css HTTP/1.1" 304 - "http://localhost:3000/u/garyng/2017-3-28/heyhey" "Mozilla/5.0 (Macintosh; Intel Mac OS X 10_11_2) AppleWebKit/537.36 (KHTML, like Gecko) Chrome/58.0.3029.110 Safari/537.36"
::1 - - [Wed, 05 Jul 2017 02:56:12 GMT] "GET /favicon.ico HTTP/1.1" 304 - "http://localhost:3000/u/garyng/2017-3-28/heyhey" "Mozilla/5.0 (Macintosh; Intel Mac OS X 10_11_2) AppleWebKit/537.36 (KHTML, like Gecko) Chrome/58.0.3029.110 Safari/537.36"
::1 - - [Wed, 05 Jul 2017 02:56:13 GMT] "GET /u/garyng HTTP/1.1" 304 - "http://localhost:3000/u/garyng/2017-3-28/heyhey" "Mozilla/5.0 (Macintosh; Intel Mac OS X 10_11_2) AppleWebKit/537.36 (KHTML, like Gecko) Chrome/58.0.3029.110 Safari/537.36"
::1 - - [Wed, 05 Jul 2017 02:56:13 GMT] "GET /stylesheets/style.css HTTP/1.1" 304 - "http://localhost:3000/u/garyng" "Mozilla/5.0 (Macintosh; Intel Mac OS X 10_11_2) AppleWebKit/537.36 (KHTML, like Gecko) Chrome/58.0.3029.110 Safari/537.36"
::1 - - [Wed, 05 Jul 2017 02:56:13 GMT] "GET /favicon.ico HTTP/1.1" 304 - "http://localhost:3000/u/garyng" "Mozilla/5.0 (Macintosh; Intel Mac OS X 10_11_2) AppleWebKit/537.36 (KHTML, like Gecko) Chrome/58.0.3029.110 Safari/537.36"
::1 - - [Wed, 05 Jul 2017 02:56:16 GMT] "GET /tags/A HTTP/1.1" 200 1640 "http://localhost:3000/u/garyng" "Mozilla/5.0 (Macintosh; Intel Mac OS X 10_11_2) AppleWebKit/537.36 (KHTML, like Gecko) Chrome/58.0.3029.110 Safari/537.36"
::1 - - [Wed, 05 Jul 2017 02:56:16 GMT] "GET /stylesheets/style.css HTTP/1.1" 304 - "http://localhost:3000/tags/A" "Mozilla/5.0 (Macintosh; Intel Mac OS X 10_11_2) AppleWebKit/537.36 (KHTML, like Gecko) Chrome/58.0.3029.110 Safari/537.36"
::1 - - [Wed, 05 Jul 2017 02:56:16 GMT] "GET /favicon.ico HTTP/1.1" 304 - "http://localhost:3000/tags/A" "Mozilla/5.0 (Macintosh; Intel Mac OS X 10_11_2) AppleWebKit/537.36 (KHTML, like Gecko) Chrome/58.0.3029.110 Safari/537.36"
::1 - - [Wed, 05 Jul 2017 02:56:17 GMT] "GET / HTTP/1.1" 304 - "http://localhost:3000/tags/A" "Mozilla/5.0 (Macintosh; Intel Mac OS X 10_11_2) AppleWebKit/537.36 (KHTML, like Gecko) Chrome/58.0.3029.110 Safari/537.36"
::1 - - [Wed, 05 Jul 2017 02:56:17 GMT] "GET /stylesheets/style.css HTTP/1.1" 304 - "http://localhost:3000/" "Mozilla/5.0 (Macintosh; Intel Mac OS X 10_11_2) AppleWebKit/537.36 (KHTML, like Gecko) Chrome/58.0.3029.110 Safari/537.36"
::1 - - [Wed, 05 Jul 2017 02:56:17 GMT] "GET /favicon.ico HTTP/1.1" 304 - "http://localhost:3000/" "Mozilla/5.0 (Macintosh; Intel Mac OS X 10_11_2) AppleWebKit/537.36 (KHTML, like Gecko) Chrome/58.0.3029.110 Safari/537.36"
::1 - - [Wed, 05 Jul 2017 02:56:19 GMT] "GET / HTTP/1.1" 304 - "http://localhost:3000/" "Mozilla/5.0 (Macintosh; Intel Mac OS X 10_11_2) AppleWebKit/537.36 (KHTML, like Gecko) Chrome/58.0.3029.110 Safari/537.36"
::1 - - [Wed, 05 Jul 2017 02:56:19 GMT] "GET /stylesheets/style.css HTTP/1.1" 304 - "http://localhost:3000/" "Mozilla/5.0 (Macintosh; Intel Mac OS X 10_11_2) AppleWebKit/537.36 (KHTML, like Gecko) Chrome/58.0.3029.110 Safari/537.36"
::1 - - [Wed, 05 Jul 2017 02:56:19 GMT] "GET /favicon.ico HTTP/1.1" 304 - "http://localhost:3000/" "Mozilla/5.0 (Macintosh; Intel Mac OS X 10_11_2) AppleWebKit/537.36 (KHTML, like Gecko) Chrome/58.0.3029.110 Safari/537.36"
::1 - - [Wed, 05 Jul 2017 02:56:20 GMT] "GET /archive HTTP/1.1" 304 - "http://localhost:3000/" "Mozilla/5.0 (Macintosh; Intel Mac OS X 10_11_2) AppleWebKit/537.36 (KHTML, like Gecko) Chrome/58.0.3029.110 Safari/537.36"
::1 - - [Wed, 05 Jul 2017 02:56:20 GMT] "GET /stylesheets/style.css HTTP/1.1" 304 - "http://localhost:3000/archive" "Mozilla/5.0 (Macintosh; Intel Mac OS X 10_11_2) AppleWebKit/537.36 (KHTML, like Gecko) Chrome/58.0.3029.110 Safari/537.36"
::1 - - [Wed, 05 Jul 2017 02:56:20 GMT] "GET /favicon.ico HTTP/1.1" 304 - "http://localhost:3000/archive" "Mozilla/5.0 (Macintosh; Intel Mac OS X 10_11_2) AppleWebKit/537.36 (KHTML, like Gecko) Chrome/58.0.3029.110 Safari/537.36"
::1 - - [Wed, 05 Jul 2017 02:56:21 GMT] "GET /tags HTTP/1.1" 304 - "http://localhost:3000/archive" "Mozilla/5.0 (Macintosh; Intel Mac OS X 10_11_2) AppleWebKit/537.36 (KHTML, like Gecko) Chrome/58.0.3029.110 Safari/537.36"
::1 - - [Wed, 05 Jul 2017 02:56:21 GMT] "GET /stylesheets/style.css HTTP/1.1" 304 - "http://localhost:3000/tags" "Mozilla/5.0 (Macintosh; Intel Mac OS X 10_11_2) AppleWebKit/537.36 (KHTML, like Gecko) Chrome/58.0.3029.110 Safari/537.36"
::1 - - [Wed, 05 Jul 2017 02:56:21 GMT] "GET /favicon.ico HTTP/1.1" 304 - "http://localhost:3000/tags" "Mozilla/5.0 (Macintosh; Intel Mac OS X 10_11_2) AppleWebKit/537.36 (KHTML, like Gecko) Chrome/58.0.3029.110 Safari/537.36"
::1 - - [Wed, 05 Jul 2017 02:56:21 GMT] "GET /links HTTP/1.1" 304 - "http://localhost:3000/tags" "Mozilla/5.0 (Macintosh; Intel Mac OS X 10_11_2) AppleWebKit/537.36 (KHTML, like Gecko) Chrome/58.0.3029.110 Safari/537.36"
::1 - - [Wed, 05 Jul 2017 02:56:21 GMT] "GET /stylesheets/style.css HTTP/1.1" 304 - "http://localhost:3000/links" "Mozilla/5.0 (Macintosh; Intel Mac OS X 10_11_2) AppleWebKit/537.36 (KHTML, like Gecko) Chrome/58.0.3029.110 Safari/537.36"
::1 - - [Wed, 05 Jul 2017 02:56:21 GMT] "GET /favicon.ico HTTP/1.1" 304 - "http://localhost:3000/links" "Mozilla/5.0 (Macintosh; Intel Mac OS X 10_11_2) AppleWebKit/537.36 (KHTML, like Gecko) Chrome/58.0.3029.110 Safari/537.36"
::1 - - [Wed, 05 Jul 2017 02:56:23 GMT] "GET /login HTTP/1.1" 500 2773 "http://localhost:3000/links" "Mozilla/5.0 (Macintosh; Intel Mac OS X 10_11_2) AppleWebKit/537.36 (KHTML, like Gecko) Chrome/58.0.3029.110 Safari/537.36"
::1 - - [Wed, 05 Jul 2017 02:56:23 GMT] "GET /favicon.ico HTTP/1.1" 304 - "http://localhost:3000/login" "Mozilla/5.0 (Macintosh; Intel Mac OS X 10_11_2) AppleWebKit/537.36 (KHTML, like Gecko) Chrome/58.0.3029.110 Safari/537.36"
::1 - - [Wed, 05 Jul 2017 03:30:45 GMT] "GET /login HTTP/1.1" 200 208 "http://localhost:3000/links" "Mozilla/5.0 (Macintosh; Intel Mac OS X 10_11_2) AppleWebKit/537.36 (KHTML, like Gecko) Chrome/58.0.3029.110 Safari/537.36"
::1 - - [Wed, 05 Jul 2017 03:30:45 GMT] "GET /favicon.ico HTTP/1.1" 200 258 "http://localhost:3000/login" "Mozilla/5.0 (Macintosh; Intel Mac OS X 10_11_2) AppleWebKit/537.36 (KHTML, like Gecko) Chrome/58.0.3029.110 Safari/537.36"
::1 - - [Wed, 05 Jul 2017 03:30:49 GMT] "GET /login HTTP/1.1" 500 2773 "http://localhost:3000/links" "Mozilla/5.0 (Macintosh; Intel Mac OS X 10_11_2) AppleWebKit/537.36 (KHTML, like Gecko) Chrome/58.0.3029.110 Safari/537.36"
::1 - - [Wed, 05 Jul 2017 03:30:49 GMT] "GET /favicon.ico HTTP/1.1" 200 258 "http://localhost:3000/login" "Mozilla/5.0 (Macintosh; Intel Mac OS X 10_11_2) AppleWebKit/537.36 (KHTML, like Gecko) Chrome/58.0.3029.110 Safari/537.36"
::1 - - [Wed, 05 Jul 2017 03:33:00 GMT] "GET /login HTTP/1.1" 500 2080 "http://localhost:3000/links" "Mozilla/5.0 (Macintosh; Intel Mac OS X 10_11_2) AppleWebKit/537.36 (KHTML, like Gecko) Chrome/58.0.3029.110 Safari/537.36"
::1 - - [Wed, 05 Jul 2017 03:33:00 GMT] "GET /favicon.ico HTTP/1.1" 200 258 "http://localhost:3000/login" "Mozilla/5.0 (Macintosh; Intel Mac OS X 10_11_2) AppleWebKit/537.36 (KHTML, like Gecko) Chrome/58.0.3029.110 Safari/537.36"
::1 - - [Wed, 05 Jul 2017 03:33:15 GMT] "GET /login HTTP/1.1" 500 2773 "http://localhost:3000/links" "Mozilla/5.0 (Macintosh; Intel Mac OS X 10_11_2) AppleWebKit/537.36 (KHTML, like Gecko) Chrome/58.0.3029.110 Safari/537.36"
::1 - - [Wed, 05 Jul 2017 03:33:15 GMT] "GET /favicon.ico HTTP/1.1" 200 258 "http://localhost:3000/login" "Mozilla/5.0 (Macintosh; Intel Mac OS X 10_11_2) AppleWebKit/537.36 (KHTML, like Gecko) Chrome/58.0.3029.110 Safari/537.36"
::1 - - [Wed, 05 Jul 2017 03:35:29 GMT] "GET /login HTTP/1.1" 500 2773 "http://localhost:3000/links" "Mozilla/5.0 (Macintosh; Intel Mac OS X 10_11_2) AppleWebKit/537.36 (KHTML, like Gecko) Chrome/58.0.3029.110 Safari/537.36"
::1 - - [Wed, 05 Jul 2017 03:35:29 GMT] "GET /favicon.ico HTTP/1.1" 200 258 "http://localhost:3000/login" "Mozilla/5.0 (Macintosh; Intel Mac OS X 10_11_2) AppleWebKit/537.36 (KHTML, like Gecko) Chrome/58.0.3029.110 Safari/537.36"
::1 - - [Wed, 05 Jul 2017 03:35:30 GMT] "GET /login HTTP/1.1" 500 2773 "http://localhost:3000/links" "Mozilla/5.0 (Macintosh; Intel Mac OS X 10_11_2) AppleWebKit/537.36 (KHTML, like Gecko) Chrome/58.0.3029.110 Safari/537.36"
::1 - - [Wed, 05 Jul 2017 03:35:30 GMT] "GET /favicon.ico HTTP/1.1" 200 258 "http://localhost:3000/login" "Mozilla/5.0 (Macintosh; Intel Mac OS X 10_11_2) AppleWebKit/537.36 (KHTML, like Gecko) Chrome/58.0.3029.110 Safari/537.36"
::1 - - [Wed, 05 Jul 2017 03:35:37 GMT] "GET /login HTTP/1.1" 500 2773 "http://localhost:3000/links" "Mozilla/5.0 (Macintosh; Intel Mac OS X 10_11_2) AppleWebKit/537.36 (KHTML, like Gecko) Chrome/58.0.3029.110 Safari/537.36"
::1 - - [Wed, 05 Jul 2017 03:35:37 GMT] "GET /favicon.ico HTTP/1.1" 200 258 "http://localhost:3000/login" "Mozilla/5.0 (Macintosh; Intel Mac OS X 10_11_2) AppleWebKit/537.36 (KHTML, like Gecko) Chrome/58.0.3029.110 Safari/537.36"
::1 - - [Wed, 05 Jul 2017 03:37:32 GMT] "GET /login HTTP/1.1" 500 2773 "http://localhost:3000/links" "Mozilla/5.0 (Macintosh; Intel Mac OS X 10_11_2) AppleWebKit/537.36 (KHTML, like Gecko) Chrome/58.0.3029.110 Safari/537.36"
::1 - - [Wed, 05 Jul 2017 03:37:32 GMT] "GET /favicon.ico HTTP/1.1" 200 258 "http://localhost:3000/login" "Mozilla/5.0 (Macintosh; Intel Mac OS X 10_11_2) AppleWebKit/537.36 (KHTML, like Gecko) Chrome/58.0.3029.110 Safari/537.36"
::1 - - [Wed, 05 Jul 2017 03:37:56 GMT] "GET /login HTTP/1.1" 500 2796 "http://localhost:3000/links" "Mozilla/5.0 (Macintosh; Intel Mac OS X 10_11_2) AppleWebKit/537.36 (KHTML, like Gecko) Chrome/58.0.3029.110 Safari/537.36"
::1 - - [Wed, 05 Jul 2017 03:37:57 GMT] "GET /favicon.ico HTTP/1.1" 200 258 "http://localhost:3000/login" "Mozilla/5.0 (Macintosh; Intel Mac OS X 10_11_2) AppleWebKit/537.36 (KHTML, like Gecko) Chrome/58.0.3029.110 Safari/537.36"
::1 - - [Wed, 05 Jul 2017 03:38:31 GMT] "GET /login HTTP/1.1" 200 1428 "http://localhost:3000/links" "Mozilla/5.0 (Macintosh; Intel Mac OS X 10_11_2) AppleWebKit/537.36 (KHTML, like Gecko) Chrome/58.0.3029.110 Safari/537.36"
::1 - - [Wed, 05 Jul 2017 03:38:31 GMT] "GET /stylesheets/style.css HTTP/1.1" 304 - "http://localhost:3000/login" "Mozilla/5.0 (Macintosh; Intel Mac OS X 10_11_2) AppleWebKit/537.36 (KHTML, like Gecko) Chrome/58.0.3029.110 Safari/537.36"
::1 - - [Wed, 05 Jul 2017 03:38:31 GMT] "GET /favicon.ico HTTP/1.1" 200 258 "http://localhost:3000/login" "Mozilla/5.0 (Macintosh; Intel Mac OS X 10_11_2) AppleWebKit/537.36 (KHTML, like Gecko) Chrome/58.0.3029.110 Safari/537.36"
